app/build/outputs/logs/manifest-merger-debug-report.txt
-- Merging decision tree log ---
manifest
ADDED from AndroidManifest.xml:2:1
	xmlns:android
		ADDED from AndroidManifest.xml:2:11
	package
		ADDED from AndroidManifest.xml:3:5
		INJECTED from AndroidManifest.xml:0:0
		INJECTED from AndroidManifest.xml:0:0
	android:versionName
		ADDED from AndroidManifest.xml:5:5
	android:versionCode
		ADDED from AndroidManifest.xml:4:5
		INJECTED from AndroidManifest.xml:0:0
		INJECTED from AndroidManifest.xml:0:0
uses-sdk
ADDED from AndroidManifest.xml:7:5
	android:targetSdkVersion
		ADDED from AndroidManifest.xml:9:9
		INJECTED from AndroidManifest.xml:0:0
		INJECTED from AndroidManifest.xml:0:0
	android:minSdkVersion
		ADDED from AndroidManifest.xml:8:9
		INJECTED from AndroidManifest.xml:0:0
		INJECTED from AndroidManifest.xml:0:0
permission#com.mythos.demo.permission.JPUSH_MESSAGE
ADDED from AndroidManifest.xml:11:5
	android:protectionLevel
		ADDED from AndroidManifest.xml:13:9
	android:name
		ADDED from AndroidManifest.xml:12:9
uses-permission#android.permission.GET_ACCOUNTS
ADDED from AndroidManifest.xml:16:5
	android:name
		ADDED from AndroidManifest.xml:16:22
uses-permission#android.permission.USE_CREDENTIALS
ADDED from AndroidManifest.xml:17:5
	android:name
		ADDED from AndroidManifest.xml:17:22
uses-permission#android.permission.MANAGE_ACCOUNTS
ADDED from AndroidManifest.xml:18:5
	android:name
		ADDED from AndroidManifest.xml:18:22
uses-permission#android.permission.AUTHENTICATE_ACCOUNTS
ADDED from AndroidManifest.xml:19:5
	android:name
		ADDED from AndroidManifest.xml:19:22
uses-permission#android.permission.ACCESS_NETWORK_STATE
ADDED from AndroidManifest.xml:20:5
	android:name
		ADDED from AndroidManifest.xml:20:22
uses-permission#android.permission.INTERNET
ADDED from AndroidManifest.xml:21:5
	android:name
		ADDED from AndroidManifest.xml:21:22
uses-permission#com.android.launcher.permission.READ_SETTINGS
ADDED from AndroidManifest.xml:22:5
	android:name
		ADDED from AndroidManifest.xml:22:22
uses-permission#android.permission.CHANGE_WIFI_STATE
ADDED from AndroidManifest.xml:23:5
	android:name
		ADDED from AndroidManifest.xml:23:22
uses-permission#android.permission.ACCESS_WIFI_STATE
ADDED from AndroidManifest.xml:24:5
	android:name
		ADDED from AndroidManifest.xml:24:22
uses-permission#android.permission.READ_PHONE_STATE
ADDED from AndroidManifest.xml:25:5
	android:name
		ADDED from AndroidManifest.xml:25:22
uses-permission#android.permission.WRITE_EXTERNAL_STORAGE
ADDED from AndroidManifest.xml:26:5
	android:name
		ADDED from AndroidManifest.xml:26:22
uses-permission#android.permission.BROADCAST_STICKY
ADDED from AndroidManifest.xml:27:5
	android:name
		ADDED from AndroidManifest.xml:27:22
uses-permission#android.permission.WRITE_SETTINGS
ADDED from AndroidManifest.xml:28:5
	android:name
		ADDED from AndroidManifest.xml:28:22
uses-permission#com.mythos.demo.permission.JPUSH_MESSAGE
ADDED from AndroidManifest.xml:32:5
	android:name
		ADDED from AndroidManifest.xml:32:22
uses-permission#android.permission.RECEIVE_USER_PRESENT
ADDED from AndroidManifest.xml:33:5
	android:name
		ADDED from AndroidManifest.xml:33:22
uses-permission#android.permission.WAKE_LOCK
ADDED from AndroidManifest.xml:35:5
	android:name
		ADDED from AndroidManifest.xml:35:22
uses-permission#android.permission.READ_EXTERNAL_STORAGE
ADDED from AndroidManifest.xml:38:5
	android:name
		ADDED from AndroidManifest.xml:38:22
uses-permission#android.permission.VIBRATE
ADDED from AndroidManifest.xml:40:5
	android:name
		ADDED from AndroidManifest.xml:40:22
uses-permission#android.permission.MOUNT_UNMOUNT_FILESYSTEMS
ADDED from AndroidManifest.xml:41:5
	android:name
		ADDED from AndroidManifest.xml:41:22
uses-permission#android.permission.SYSTEM_ALERT_WINDOW
ADDED from AndroidManifest.xml:43:5
	android:name
		ADDED from AndroidManifest.xml:43:22
uses-permission#android.permission.ACCESS_COARSE_LOCATION
ADDED from AndroidManifest.xml:46:5
	android:name
		ADDED from AndroidManifest.xml:46:22
uses-permission#android.permission.ACCESS_FINE_LOCATION
ADDED from AndroidManifest.xml:49:5
	android:name
		ADDED from AndroidManifest.xml:49:22
uses-permission#android.permission.ACCESS_LOCATION_EXTRA_COMMANDS
ADDED from AndroidManifest.xml:50:5
	android:name
		ADDED from AndroidManifest.xml:50:22
uses-permission#android.permission.CHANGE_NETWORK_STATE
ADDED from AndroidManifest.xml:51:5
	android:name
		ADDED from AndroidManifest.xml:51:22
application
ADDED from AndroidManifest.xml:57:5
	android:label
		ADDED from AndroidManifest.xml:61:9
	android:allowBackup
		ADDED from AndroidManifest.xml:59:9
	android:icon
		ADDED from AndroidManifest.xml:60:9
	android:theme
		ADDED from AndroidManifest.xml:62:9
	android:name
		ADDED from AndroidManifest.xml:58:9
service#com.mythos.demo.example.mina.MinaClientService
ADDED from AndroidManifest.xml:66:9
	android:enabled
		ADDED from AndroidManifest.xml:68:13
	android:name
		ADDED from AndroidManifest.xml:67:13
service#cn.jpush.android.service.DownloadService
ADDED from AndroidManifest.xml:72:9
	android:exported
		ADDED from AndroidManifest.xml:75:13
	android:enabled
		ADDED from AndroidManifest.xml:74:13
	android:name
		ADDED from AndroidManifest.xml:73:13
service#cn.jpush.android.service.PushService
ADDED from AndroidManifest.xml:79:9
	android:exported
		ADDED from AndroidManifest.xml:82:13
	android:enabled
		ADDED from AndroidManifest.xml:81:13
	android:name
		ADDED from AndroidManifest.xml:80:13
intent-filter#cn.jpush.android.intent.PUSH_TIME+cn.jpush.android.intent.PushService+cn.jpush.android.intent.REGISTER+cn.jpush.android.intent.REPORT
ADDED from AndroidManifest.xml:83:13
action#cn.jpush.android.intent.REGISTER
ADDED from AndroidManifest.xml:84:17
	android:name
		ADDED from AndroidManifest.xml:84:25
action#cn.jpush.android.intent.REPORT
ADDED from AndroidManifest.xml:85:17
	android:name
		ADDED from AndroidManifest.xml:85:25
action#cn.jpush.android.intent.PushService
ADDED from AndroidManifest.xml:86:17
	android:name
		ADDED from AndroidManifest.xml:86:25
action#cn.jpush.android.intent.PUSH_TIME
ADDED from AndroidManifest.xml:87:17
	android:name
		ADDED from AndroidManifest.xml:87:25
receiver#cn.jpush.android.service.PushReceiver
ADDED from AndroidManifest.xml:98:9
	android:enabled
		ADDED from AndroidManifest.xml:100:13
	android:name
		ADDED from AndroidManifest.xml:99:13
intent-filter#cn.jpush.android.intent.NOTIFICATION_RECEIVED_PROXY+com.mythos.demo
ADDED from AndroidManifest.xml:101:13
	android:priority
		ADDED from AndroidManifest.xml:101:28
action#cn.jpush.android.intent.NOTIFICATION_RECEIVED_PROXY
ADDED from AndroidManifest.xml:102:17
	android:name
		ADDED from AndroidManifest.xml:102:25
category#com.mythos.demo
ADDED from AndroidManifest.xml:103:17
	android:name
		ADDED from AndroidManifest.xml:103:27
intent-filter#android.intent.action.USER_PRESENT+android.net.conn.CONNECTIVITY_CHANGE
ADDED from AndroidManifest.xml:105:13
action#android.intent.action.USER_PRESENT
ADDED from AndroidManifest.xml:106:17
	android:name
		ADDED from AndroidManifest.xml:106:25
action#android.net.conn.CONNECTIVITY_CHANGE
ADDED from AndroidManifest.xml:107:17
	android:name
		ADDED from AndroidManifest.xml:107:25
intent-filter#android.intent.action.PACKAGE_ADDED+android.intent.action.PACKAGE_REMOVED
ADDED from AndroidManifest.xml:110:13
action#android.intent.action.PACKAGE_ADDED
ADDED from AndroidManifest.xml:111:17
	android:name
		ADDED from AndroidManifest.xml:111:25
action#android.intent.action.PACKAGE_REMOVED
ADDED from AndroidManifest.xml:112:17
	android:name
		ADDED from AndroidManifest.xml:112:25
data
ADDED from AndroidManifest.xml:114:17
	android:scheme
		ADDED from AndroidManifest.xml:114:23
receiver#cn.jpush.android.service.AlarmReceiver
ADDED from AndroidManifest.xml:119:9
	android:name
		ADDED from AndroidManifest.xml:119:19
receiver#com.mythos.demo.example.jpush.MyReceiver
ADDED from AndroidManifest.xml:122:9
	android:enabled
		ADDED from AndroidManifest.xml:124:13
	android:name
		ADDED from AndroidManifest.xml:123:13
intent-filter#cn.jpush.android.intent.ACTION_RICHPUSH_CALLBACK+cn.jpush.android.intent.CONNECTION+cn.jpush.android.intent.MESSAGE_RECEIVED+cn.jpush.android.intent.NOTIFICATION_OPENED+cn.jpush.android.intent.NOTIFICATION_RECEIVED+cn.jpush.android.intent.REGISTRATION+cn.jpush.android.intent.UNREGISTRATION+com.mythos.demo
ADDED from AndroidManifest.xml:125:13
action#cn.jpush.android.intent.REGISTRATION
ADDED from AndroidManifest.xml:126:17
	android:name
		ADDED from AndroidManifest.xml:126:25
action#cn.jpush.android.intent.UNREGISTRATION
ADDED from AndroidManifest.xml:127:17
	android:name
		ADDED from AndroidManifest.xml:127:25
action#cn.jpush.android.intent.MESSAGE_RECEIVED
ADDED from AndroidManifest.xml:128:17
	android:name
		ADDED from AndroidManifest.xml:128:25
action#cn.jpush.android.intent.NOTIFICATION_RECEIVED
ADDED from AndroidManifest.xml:129:17
	android:name
		ADDED from AndroidManifest.xml:129:25
action#cn.jpush.android.intent.NOTIFICATION_OPENED
ADDED from AndroidManifest.xml:130:17
	android:name
		ADDED from AndroidManifest.xml:130:25
action#cn.jpush.android.intent.ACTION_RICHPUSH_CALLBACK
ADDED from AndroidManifest.xml:131:17
	android:name
		ADDED from AndroidManifest.xml:131:25
action#cn.jpush.android.intent.CONNECTION
ADDED from AndroidManifest.xml:132:17
	android:name
		ADDED from AndroidManifest.xml:132:25
meta-data#com.baidu.lbsapi.API_KEY
ADDED from AndroidManifest.xml:141:9
	android:name
		ADDED from AndroidManifest.xml:142:13
	android:value
		ADDED from AndroidManifest.xml:143:13
meta-data#JPUSH_CHANNEL
ADDED from AndroidManifest.xml:146:9
	android:name
		ADDED from AndroidManifest.xml:147:13
	android:value
		ADDED from AndroidManifest.xml:148:13
meta-data#JPUSH_APPKEY
ADDED from AndroidManifest.xml:149:9
	android:name
		ADDED from AndroidManifest.xml:150:13
	android:value
		ADDED from AndroidManifest.xml:151:13
activity#com.mythos.demo.ui.MainActivity
ADDED from AndroidManifest.xml:156:9
	android:label
		ADDED from AndroidManifest.xml:158:13
	android:name
		ADDED from AndroidManifest.xml:157:13
intent-filter#android.intent.action.MAIN+android.intent.category.LAUNCHER
ADDED from AndroidManifest.xml:159:13
action#android.intent.action.MAIN
ADDED from AndroidManifest.xml:160:17
	android:name
		ADDED from AndroidManifest.xml:160:25
category#android.intent.category.LAUNCHER
ADDED from AndroidManifest.xml:162:17
	android:name
		ADDED from AndroidManifest.xml:162:27
activity#cn.jpush.android.ui.PushActivity
ADDED from AndroidManifest.xml:167:9
	android:configChanges
		ADDED from AndroidManifest.xml:169:13
	android:theme
		ADDED from AndroidManifest.xml:170:13
	android:name
		ADDED from AndroidManifest.xml:168:13
intent-filter#android.intent.category.DEFAULT+cn.jpush.android.ui.PushActivity+com.mythos.demo
ADDED from AndroidManifest.xml:171:13
action#cn.jpush.android.ui.PushActivity
ADDED from AndroidManifest.xml:172:17
	android:name
		ADDED from AndroidManifest.xml:172:25
category#android.intent.category.DEFAULT
ADDED from AndroidManifest.xml:174:17
	android:name
		ADDED from AndroidManifest.xml:174:27
activity#com.mythos.demo.ui.MinaChatActivity
ADDED from AndroidManifest.xml:180:9
	android:screenOrientation
		ADDED from AndroidManifest.xml:183:13
	android:configChanges
		ADDED from AndroidManifest.xml:182:13
	android:name
		ADDED from AndroidManifest.xml:181:13
activity#com.mythos.demo.ui.BaiduMapActivity
ADDED from AndroidManifest.xml:187:9
	android:screenOrientation
		ADDED from AndroidManifest.xml:190:13
	android:configChanges
		ADDED from AndroidManifest.xml:189:13
	android:name
		ADDED from AndroidManifest.xml:188:13
activity#com.mythos.demo.ui.JPushActivity
ADDED from AndroidManifest.xml:194:9
	android:screenOrientation
		ADDED from AndroidManifest.xml:197:13
	android:configChanges
		ADDED from AndroidManifest.xml:196:13
	android:name
		ADDED from AndroidManifest.xml:195:13
activity#com.mythos.demo.example.jpush.TestActivity
ADDED from AndroidManifest.xml:201:9
	android:name
		ADDED from AndroidManifest.xml:201:19
intent-filter#jpush.testAction+jpush.testCategory
ADDED from AndroidManifest.xml:202:13
action#jpush.testAction
ADDED from AndroidManifest.xml:203:17
	android:name
		ADDED from AndroidManifest.xml:203:25
category#jpush.testCategory
ADDED from AndroidManifest.xml:204:17
	android:name
		ADDED from AndroidManifest.xml:204:27
activity#com.mythos.demo.ui.XUtilsActivity
ADDED from AndroidManifest.xml:209:9
	android:label
		ADDED from AndroidManifest.xml:211:13
	android:name
		ADDED from AndroidManifest.xml:210:13